2025-02-24T15:50:22.020+05:30  INFO 25616 --- [EmployeePayrollApplication] [restartedMain] c.b.E.EmployeePayrollApplication         : Starting EmployeePayrollApplication using Java 21.0.5 with PID 25616 (C:\Lab\EmployeePayrollApplication\target\classes started by HP in C:\Lab\EmployeePayrollApplication)
2025-02-24T15:50:22.020+05:30 DEBUG 25616 --- [EmployeePayrollApplication] [restartedMain] c.b.E.EmployeePayrollApplication         : Running with Spring Boot v3.4.3, Spring v6.2.3
2025-02-24T15:50:22.033+05:30  INFO 25616 --- [EmployeePayrollApplication] [restartedMain] c.b.E.EmployeePayrollApplication         : No active profile set, falling back to 1 default profile: "default"
2025-02-24T15:50:22.096+05:30  INFO 25616 --- [EmployeePayrollApplication] [restartedMain] .e.DevToolsPropertyDefaultsPostProcessor : Devtools property defaults active! Set 'spring.devtools.add-properties' to 'false' to disable
2025-02-24T15:50:22.096+05:30  INFO 25616 --- [EmployeePayrollApplication] [restartedMain] .e.DevToolsPropertyDefaultsPostProcessor : For additional web related logging consider setting the 'logging.level.web' property to 'DEBUG'
2025-02-24T15:50:23.205+05:30  INFO 25616 --- [EmployeePayrollApplication] [restartedMain] .s.d.r.c.RepositoryConfigurationDelegate : Bootstrapping Spring Data JPA repositories in DEFAULT mode.
2025-02-24T15:50:23.282+05:30  INFO 25616 --- [EmployeePayrollApplication] [restartedMain] .s.d.r.c.RepositoryConfigurationDelegate : Finished Spring Data repository scanning in 65 ms. Found 1 JPA repository interface.
2025-02-24T15:50:24.056+05:30  INFO 25616 --- [EmployeePayrollApplication] [restartedMain] o.s.b.w.embedded.tomcat.TomcatWebServer  : Tomcat initialized with port 8080 (http)
2025-02-24T15:50:24.072+05:30  INFO 25616 --- [EmployeePayrollApplication] [restartedMain] o.apache.catalina.core.StandardService   : Starting service [Tomcat]
2025-02-24T15:50:24.072+05:30  INFO 25616 --- [EmployeePayrollApplication] [restartedMain] o.apache.catalina.core.StandardEngine    : Starting Servlet engine: [Apache Tomcat/10.1.36]
2025-02-24T15:50:24.120+05:30  INFO 25616 --- [EmployeePayrollApplication] [restartedMain] o.a.c.c.C.[Tomcat].[localhost].[/]       : Initializing Spring embedded WebApplicationContext
2025-02-24T15:50:24.120+05:30  INFO 25616 --- [EmployeePayrollApplication] [restartedMain] w.s.c.ServletWebServerApplicationContext : Root WebApplicationContext: initialization completed in 2024 ms
2025-02-24T15:50:24.372+05:30  INFO 25616 --- [EmployeePayrollApplication] [restartedMain] o.hibernate.jpa.internal.util.LogHelper  : HHH000204: Processing PersistenceUnitInfo [name: default]
2025-02-24T15:50:24.483+05:30  INFO 25616 --- [EmployeePayrollApplication] [restartedMain] org.hibernate.Version                    : HHH000412: Hibernate ORM core version 6.6.8.Final
2025-02-24T15:50:24.531+05:30  INFO 25616 --- [EmployeePayrollApplication] [restartedMain] o.h.c.internal.RegionFactoryInitiator    : HHH000026: Second-level cache disabled
2025-02-24T15:50:24.990+05:30  INFO 25616 --- [EmployeePayrollApplication] [restartedMain] o.s.o.j.p.SpringPersistenceUnitInfo      : No LoadTimeWeaver setup: ignoring JPA class transformer
2025-02-24T15:50:25.048+05:30  INFO 25616 --- [EmployeePayrollApplication] [restartedMain] com.zaxxer.hikari.HikariDataSource       : HikariPool-1 - Starting...
2025-02-24T15:50:25.328+05:30  INFO 25616 --- [EmployeePayrollApplication] [restartedMain] com.zaxxer.hikari.pool.HikariPool        : HikariPool-1 - Added connection conn0: url=jdbc:h2:file:./data/testdb user=SA
2025-02-24T15:50:25.330+05:30  INFO 25616 --- [EmployeePayrollApplication] [restartedMain] com.zaxxer.hikari.HikariDataSource       : HikariPool-1 - Start completed.
2025-02-24T15:50:25.368+05:30  WARN 25616 --- [EmployeePayrollApplication] [restartedMain] org.hibernate.orm.deprecation            : HHH90000025: H2Dialect does not need to be specified explicitly using 'hibernate.dialect' (remove the property setting and it will be selected by default)
2025-02-24T15:50:25.391+05:30  INFO 25616 --- [EmployeePayrollApplication] [restartedMain] org.hibernate.orm.connections.pooling    : HHH10001005: Database info:
	Database JDBC URL [Connecting through datasource 'HikariDataSource (HikariPool-1)']
	Database driver: undefined/unknown
	Database version: 2.3.232
	Autocommit mode: undefined/unknown
	Isolation level: undefined/unknown
	Minimum pool size: undefined/unknown
	Maximum pool size: undefined/unknown
2025-02-24T15:50:26.119+05:30  INFO 25616 --- [EmployeePayrollApplication] [restartedMain] o.h.e.t.j.p.i.JtaPlatformInitiator       : HHH000489: No JTA platform available (set 'hibernate.transaction.jta.platform' to enable JTA platform integration)
2025-02-24T15:50:26.161+05:30  INFO 25616 --- [EmployeePayrollApplication] [restartedMain] j.LocalContainerEntityManagerFactoryBean : Initialized JPA EntityManagerFactory for persistence unit 'default'
2025-02-24T15:50:26.520+05:30  WARN 25616 --- [EmployeePayrollApplication] [restartedMain] JpaBaseConfiguration$JpaWebConfiguration : spring.jpa.open-in-view is enabled by default. Therefore, database queries may be performed during view rendering. Explicitly configure spring.jpa.open-in-view to disable this warning
2025-02-24T15:50:26.880+05:30  INFO 25616 --- [EmployeePayrollApplication] [restartedMain] o.s.b.a.h2.H2ConsoleAutoConfiguration    : H2 console available at '/h2-console'. Database available at 'jdbc:h2:file:./data/testdb'
2025-02-24T15:50:26.953+05:30  INFO 25616 --- [EmployeePayrollApplication] [restartedMain] o.s.b.d.a.OptionalLiveReloadServer       : LiveReload server is running on port 35729
2025-02-24T15:50:26.992+05:30  INFO 25616 --- [EmployeePayrollApplication] [restartedMain] o.s.b.w.embedded.tomcat.TomcatWebServer  : Tomcat started on port 8080 (http) with context path '/'
2025-02-24T15:50:27.000+05:30  INFO 25616 --- [EmployeePayrollApplication] [restartedMain] c.b.E.EmployeePayrollApplication         : Started EmployeePayrollApplication in 5.547 seconds (process running for 6.217)
2025-02-24T15:51:43.105+05:30  INFO 25616 --- [EmployeePayrollApplication] [http-nio-8080-exec-1] o.a.c.c.C.[Tomcat].[localhost].[/]       : Initializing Spring DispatcherServlet 'dispatcherServlet'
2025-02-24T15:51:43.106+05:30  INFO 25616 --- [EmployeePayrollApplication] [http-nio-8080-exec-1] o.s.web.servlet.DispatcherServlet        : Initializing Servlet 'dispatcherServlet'
2025-02-24T15:51:43.108+05:30  INFO 25616 --- [EmployeePayrollApplication] [http-nio-8080-exec-1] o.s.web.servlet.DispatcherServlet        : Completed initialization in 2 ms
2025-02-24T15:53:16.638+05:30  INFO 25616 --- [EmployeePayrollApplication] [http-nio-8080-exec-5] c.b.E.controller.EmployeeController      : Create employee endpoint called
2025-02-24T15:53:36.098+05:30  INFO 25616 --- [EmployeePayrollApplication] [http-nio-8080-exec-6] c.b.E.controller.EmployeeController      : Delete employee endpoint called
2025-02-24T15:53:47.100+05:30  WARN 25616 --- [EmployeePayrollApplication] [http-nio-8080-exec-8] .w.s.m.s.DefaultHandlerExceptionResolver : Resolved [org.springframework.web.HttpRequestMethodNotSupportedException: Request method 'DELETE' is not supported]
2025-02-24T15:53:54.261+05:30  INFO 25616 --- [EmployeePayrollApplication] [http-nio-8080-exec-10] c.b.E.controller.EmployeeController      : By id employee endpoint called
2025-02-24T15:53:57.398+05:30  INFO 25616 --- [EmployeePayrollApplication] [http-nio-8080-exec-2] c.b.E.controller.EmployeeController      : By id employee endpoint called
2025-02-24T15:54:02.046+05:30  INFO 25616 --- [EmployeePayrollApplication] [http-nio-8080-exec-1] c.b.E.controller.EmployeeController      : By id employee endpoint called
2025-02-24T15:54:05.165+05:30  INFO 25616 --- [EmployeePayrollApplication] [http-nio-8080-exec-3] c.b.E.controller.EmployeeController      : All employee endpoint called
